建立数据表 pre_ucenter_applications ... 成功
建立数据表 pre_ucenter_members ... 成功
建立数据表 pre_ucenter_memberfields ... 成功
建立数据表 pre_ucenter_memberlogs ... 成功
建立数据表 pre_ucenter_newpm ... 成功
建立数据表 pre_ucenter_friends ... 成功
建立数据表 pre_ucenter_tags ... 成功
建立数据表 pre_ucenter_sqlcache ... 成功
建立数据表 pre_ucenter_settings ... 成功
建立数据表 pre_ucenter_badwords ... 成功
建立数据表 pre_ucenter_notelist ... 成功
建立数据表 pre_ucenter_domains ... 成功
建立数据表 pre_ucenter_feeds ... 成功
建立数据表 pre_ucenter_admins ... 成功
建立数据表 pre_ucenter_failedlogins ... 成功
建立数据表 pre_ucenter_protectedmembers ... 成功
建立数据表 pre_ucenter_mergemembers ... 成功
建立数据表 pre_ucenter_vars ... 成功
建立数据表 pre_ucenter_mailqueue ... 成功
建立数据表 pre_ucenter_pm_members ... 成功
建立数据表 pre_ucenter_pm_lists ... 成功
建立数据表 pre_ucenter_pm_indexes ... 成功
建立数据表 pre_ucenter_pm_messages_0 ... 成功
建立数据表 pre_ucenter_pm_messages_1 ... 成功
建立数据表 pre_ucenter_pm_messages_2 ... 成功
建立数据表 pre_ucenter_pm_messages_3 ... 成功
建立数据表 pre_ucenter_pm_messages_4 ... 成功
建立数据表 pre_ucenter_pm_messages_5 ... 成功
建立数据表 pre_ucenter_pm_messages_6 ... 成功
建立数据表 pre_ucenter_pm_messages_7 ... 成功
建立数据表 pre_ucenter_pm_messages_8 ... 成功
建立数据表 pre_ucenter_pm_messages_9 ... 成功
清空目录 ./uc_server/data/cache
清空目录 ./uc_server/data/view
建立数据表 pre_common_admincp_cmenu  ... 成功
建立数据表 pre_common_admincp_group  ... 成功
建立数据表 pre_common_admincp_member  ... 成功
建立数据表 pre_common_admincp_perm  ... 成功
建立数据表 pre_common_admincp_session  ... 成功
建立数据表 pre_common_admingroup  ... 成功
建立数据表 pre_common_adminnote  ... 成功
建立数据表 pre_common_advertisement  ... 成功
建立数据表 pre_common_advertisement_custom  ... 成功
建立数据表 pre_common_banned  ... 成功
建立数据表 pre_common_block  ... 成功
建立数据表 pre_common_block_favorite  ... 成功
建立数据表 pre_common_block_item  ... 成功
建立数据表 pre_common_block_item_data  ... 成功
建立数据表 pre_common_block_permission  ... 成功
建立数据表 pre_common_block_pic  ... 成功
建立数据表 pre_common_block_style  ... 成功
建立数据表 pre_common_block_xml  ... 成功
建立数据表 pre_common_cache  ... 成功
建立数据表 pre_common_card  ... 成功
建立数据表 pre_common_card_log  ... 成功
建立数据表 pre_common_card_type  ... 成功
建立数据表 pre_common_connect_guest  ... 成功
建立数据表 pre_common_credit_log  ... 成功
建立数据表 pre_common_credit_log_field  ... 成功
建立数据表 pre_common_credit_rule  ... 成功
建立数据表 pre_common_credit_rule_log  ... 成功
建立数据表 pre_common_credit_rule_log_field  ... 成功
建立数据表 pre_common_cron  ... 成功
建立数据表 pre_common_smsgw  ... 成功
建立数据表 pre_common_smslog  ... 成功
建立数据表 pre_common_smslog_archive  ... 成功
建立数据表 pre_common_devicetoken  ... 成功
建立数据表 pre_common_district  ... 成功
建立数据表 pre_common_diy_data  ... 成功
建立数据表 pre_common_domain  ... 成功
建立数据表 pre_common_failedip  ... 成功
建立数据表 pre_common_failedlogin  ... 成功
建立数据表 pre_common_friendlink  ... 成功
建立数据表 pre_common_grouppm  ... 成功
建立数据表 pre_common_invite  ... 成功
建立数据表 pre_common_magic  ... 成功
建立数据表 pre_common_magiclog  ... 成功
建立数据表 pre_common_mailcron  ... 成功
建立数据表 pre_common_mailqueue  ... 成功
建立数据表 pre_common_member  ... 成功
建立数据表 pre_common_member_action_log  ... 成功
建立数据表 pre_common_member_connect  ... 成功
建立数据表 pre_common_member_count  ... 成功
建立数据表 pre_common_member_crime  ... 成功
建立数据表 pre_common_member_field_forum  ... 成功
建立数据表 pre_common_member_field_home  ... 成功
建立数据表 pre_common_member_forum_buylog  ... 成功
建立数据表 pre_common_member_grouppm  ... 成功
建立数据表 pre_common_member_magic  ... 成功
建立数据表 pre_common_member_medal  ... 成功
建立数据表 pre_common_member_newprompt  ... 成功
建立数据表 pre_common_member_profile  ... 成功
建立数据表 pre_common_member_profile_history  ... 成功
建立数据表 pre_common_member_profile_setting  ... 成功
建立数据表 pre_common_member_security  ... 成功
建立数据表 pre_common_member_secwhite  ... 成功
建立数据表 pre_common_member_stat_field  ... 成功
建立数据表 pre_common_member_status  ... 成功
建立数据表 pre_common_member_validate  ... 成功
建立数据表 pre_common_member_verify  ... 成功
建立数据表 pre_common_member_verify_info  ... 成功
建立数据表 pre_common_mytask  ... 成功
建立数据表 pre_common_nav  ... 成功
建立数据表 pre_common_onlinetime  ... 成功
建立数据表 pre_common_optimizer  ... 成功
建立数据表 pre_common_patch  ... 成功
建立数据表 pre_common_plugin  ... 成功
建立数据表 pre_common_pluginvar  ... 成功
建立数据表 pre_common_process  ... 成功
建立数据表 pre_common_regip  ... 成功
建立数据表 pre_common_relatedlink  ... 成功
建立数据表 pre_common_report  ... 成功
建立数据表 pre_common_searchindex  ... 成功
建立数据表 pre_common_seccheck  ... 成功
建立数据表 pre_common_secquestion  ... 成功
建立数据表 pre_common_session  ... 成功
建立数据表 pre_common_setting  ... 成功
建立数据表 pre_common_smiley  ... 成功
建立数据表 pre_common_sphinxcounter  ... 成功
建立数据表 pre_common_stat  ... 成功
建立数据表 pre_common_statuser  ... 成功
建立数据表 pre_common_style  ... 成功
建立数据表 pre_common_stylevar  ... 成功
建立数据表 pre_common_syscache  ... 成功
建立数据表 pre_common_tag  ... 成功
建立数据表 pre_common_tagitem  ... 成功
建立数据表 pre_common_task  ... 成功
建立数据表 pre_common_taskvar  ... 成功
建立数据表 pre_common_template  ... 成功
建立数据表 pre_common_template_block  ... 成功
建立数据表 pre_common_template_permission  ... 成功
建立数据表 pre_common_uin_black  ... 成功
建立数据表 pre_common_usergroup  ... 成功
建立数据表 pre_common_usergroup_field  ... 成功
建立数据表 pre_common_visit  ... 成功
建立数据表 pre_common_word  ... 成功
建立数据表 pre_common_word_type  ... 成功
建立数据表 pre_common_payment_order  ... 成功
建立数据表 pre_common_payment_refund  ... 成功
建立数据表 pre_common_payment_transfer  ... 成功
建立数据表 pre_connect_disktask  ... 成功
建立数据表 pre_connect_feedlog  ... 成功
建立数据表 pre_connect_memberbindlog  ... 成功
建立数据表 pre_connect_postfeedlog  ... 成功
建立数据表 pre_connect_tthreadlog  ... 成功
建立数据表 pre_forum_access  ... 成功
建立数据表 pre_forum_activity  ... 成功
建立数据表 pre_forum_activityapply  ... 成功
建立数据表 pre_forum_announcement  ... 成功
建立数据表 pre_forum_attachment  ... 成功
建立数据表 pre_forum_attachment_0  ... 成功
建立数据表 pre_forum_attachment_1  ... 成功
建立数据表 pre_forum_attachment_2  ... 成功
建立数据表 pre_forum_attachment_3  ... 成功
建立数据表 pre_forum_attachment_4  ... 成功
建立数据表 pre_forum_attachment_5  ... 成功
建立数据表 pre_forum_attachment_6  ... 成功
建立数据表 pre_forum_attachment_7  ... 成功
建立数据表 pre_forum_attachment_8  ... 成功
建立数据表 pre_forum_attachment_9  ... 成功
建立数据表 pre_forum_attachment_exif  ... 成功
建立数据表 pre_forum_attachment_unused  ... 成功
建立数据表 pre_forum_attachtype  ... 成功
建立数据表 pre_forum_bbcode  ... 成功
建立数据表 pre_forum_collection  ... 成功
建立数据表 pre_forum_collectioncomment  ... 成功
建立数据表 pre_forum_collectionfollow  ... 成功
建立数据表 pre_forum_collectioninvite  ... 成功
建立数据表 pre_forum_collectionrelated  ... 成功
建立数据表 pre_forum_collectionteamworker  ... 成功
建立数据表 pre_forum_collectionthread  ... 成功
建立数据表 pre_forum_creditslog  ... 成功
建立数据表 pre_forum_debate  ... 成功
建立数据表 pre_forum_debatepost  ... 成功
建立数据表 pre_forum_faq  ... 成功
建立数据表 pre_forum_filter_post  ... 成功
建立数据表 pre_forum_forum  ... 成功
建立数据表 pre_forum_forum_threadtable  ... 成功
建立数据表 pre_forum_forumfield  ... 成功
建立数据表 pre_forum_forumrecommend  ... 成功
建立数据表 pre_forum_groupcreditslog  ... 成功
建立数据表 pre_forum_groupfield  ... 成功
建立数据表 pre_forum_groupinvite  ... 成功
建立数据表 pre_forum_grouplevel  ... 成功
建立数据表 pre_forum_groupuser  ... 成功
建立数据表 pre_forum_hotreply_member  ... 成功
建立数据表 pre_forum_hotreply_number  ... 成功
建立数据表 pre_forum_imagetype  ... 成功
建立数据表 pre_forum_medal  ... 成功
建立数据表 pre_forum_medallog  ... 成功
建立数据表 pre_forum_memberrecommend  ... 成功
建立数据表 pre_forum_moderator  ... 成功
建立数据表 pre_forum_modwork  ... 成功
建立数据表 pre_forum_newthread  ... 成功
建立数据表 pre_forum_onlinelist  ... 成功
建立数据表 pre_forum_order  ... 成功
建立数据表 pre_forum_poll  ... 成功
建立数据表 pre_forum_polloption  ... 成功
建立数据表 pre_forum_polloption_image  ... 成功
建立数据表 pre_forum_pollvoter  ... 成功
建立数据表 pre_forum_post  ... 成功
建立数据表 pre_forum_post_location  ... 成功
建立数据表 pre_forum_post_moderate  ... 成功
建立数据表 pre_forum_post_tableid  ... 成功
建立数据表 pre_forum_postcache  ... 成功
建立数据表 pre_forum_postcomment  ... 成功
建立数据表 pre_forum_post_history  ... 成功
建立数据表 pre_forum_poststick  ... 成功
建立数据表 pre_forum_promotion  ... 成功
建立数据表 pre_forum_ratelog  ... 成功
建立数据表 pre_forum_relatedthread  ... 成功
建立数据表 pre_forum_replycredit  ... 成功
建立数据表 pre_forum_rsscache  ... 成功
建立数据表 pre_forum_sofa  ... 成功
建立数据表 pre_forum_spacecache  ... 成功
建立数据表 pre_forum_statlog  ... 成功
建立数据表 pre_forum_thread  ... 成功
建立数据表 pre_forum_thread_moderate  ... 成功
建立数据表 pre_forum_threadaddviews  ... 成功
建立数据表 pre_forum_threadcalendar  ... 成功
建立数据表 pre_forum_threadclass  ... 成功
建立数据表 pre_forum_threadclosed  ... 成功
建立数据表 pre_forum_threaddisablepos  ... 成功
建立数据表 pre_forum_threadhidelog  ... 成功
建立数据表 pre_forum_threadhot  ... 成功
建立数据表 pre_forum_threadimage  ... 成功
建立数据表 pre_forum_threadmod  ... 成功
建立数据表 pre_forum_threadpartake  ... 成功
建立数据表 pre_forum_threadpreview  ... 成功
建立数据表 pre_forum_threadprofile  ... 成功
建立数据表 pre_forum_threadprofile_group  ... 成功
建立数据表 pre_forum_threadrush  ... 成功
建立数据表 pre_forum_threadtype  ... 成功
建立数据表 pre_forum_trade  ... 成功
建立数据表 pre_forum_tradecomment  ... 成功
建立数据表 pre_forum_tradelog  ... 成功
建立数据表 pre_forum_typeoption  ... 成功
建立数据表 pre_forum_typeoptionvar  ... 成功
建立数据表 pre_forum_typevar  ... 成功
建立数据表 pre_forum_warning  ... 成功
建立数据表 pre_home_album  ... 成功
建立数据表 pre_home_album_category  ... 成功
建立数据表 pre_home_blacklist  ... 成功
建立数据表 pre_home_blog  ... 成功
建立数据表 pre_home_blog_category  ... 成功
建立数据表 pre_home_blog_moderate  ... 成功
建立数据表 pre_home_blogfield  ... 成功
建立数据表 pre_home_class  ... 成功
建立数据表 pre_home_click  ... 成功
建立数据表 pre_home_clickuser  ... 成功
建立数据表 pre_home_comment  ... 成功
建立数据表 pre_home_comment_moderate  ... 成功
建立数据表 pre_home_docomment  ... 成功
建立数据表 pre_home_doing  ... 成功
建立数据表 pre_home_doing_moderate  ... 成功
建立数据表 pre_home_favorite  ... 成功
建立数据表 pre_home_feed  ... 成功
建立数据表 pre_home_follow  ... 成功
建立数据表 pre_home_follow_feed  ... 成功
建立数据表 pre_home_follow_feed_archiver  ... 成功
建立数据表 pre_home_friend  ... 成功
建立数据表 pre_home_friend_request  ... 成功
建立数据表 pre_home_friendlog  ... 成功
建立数据表 pre_home_notification  ... 成功
建立数据表 pre_home_pic  ... 成功
建立数据表 pre_home_pic_moderate  ... 成功
建立数据表 pre_home_picfield  ... 成功
建立数据表 pre_home_poke  ... 成功
建立数据表 pre_home_pokearchive  ... 成功
建立数据表 pre_home_share  ... 成功
建立数据表 pre_home_share_moderate  ... 成功
建立数据表 pre_home_show  ... 成功
建立数据表 pre_home_specialuser  ... 成功
建立数据表 pre_home_visitor  ... 成功
建立数据表 pre_mobile_setting  ... 成功
建立数据表 pre_portal_article_content  ... 成功
建立数据表 pre_portal_article_count  ... 成功
建立数据表 pre_portal_article_moderate  ... 成功
建立数据表 pre_portal_article_related  ... 成功
建立数据表 pre_portal_article_title  ... 成功
建立数据表 pre_portal_article_trash  ... 成功
建立数据表 pre_portal_attachment  ... 成功
建立数据表 pre_portal_category  ... 成功
建立数据表 pre_portal_category_permission  ... 成功
建立数据表 pre_portal_comment  ... 成功
建立数据表 pre_portal_comment_moderate  ... 成功
建立数据表 pre_portal_rsscache  ... 成功
建立数据表 pre_portal_topic  ... 成功
建立数据表 pre_portal_topic_pic  ... 成功
建立数据表 pre_security_evilpost  ... 成功
建立数据表 pre_security_eviluser  ... 成功
建立数据表 pre_security_failedlog  ... 成功
数据库表创建完成
正在初始化数据表中的数据 pre_common_admingroup  ... 成功
正在初始化数据表中的数据 pre_common_adminnote  ... 成功
正在初始化数据表中的数据 pre_common_credit_rule  ... 成功
正在初始化数据表中的数据 pre_common_cron  ... 成功
正在初始化数据表中的数据 pre_common_friendlink  ... 成功
正在初始化数据表中的数据 pre_common_member_profile_setting  ... 成功
正在初始化数据表中的数据 pre_common_nav  ... 成功
正在初始化数据表中的数据 pre_common_setting  ... 成功
正在初始化数据表中的数据 pre_common_smiley  ... 成功
正在初始化数据表中的数据 pre_common_statuser  ... 成功
正在初始化数据表中的数据 pre_common_style  ... 成功
正在初始化数据表中的数据 pre_common_stylevar  ... 成功
正在初始化数据表中的数据 pre_common_template  ... 成功
正在初始化数据表中的数据 pre_common_usergroup  ... 成功
正在初始化数据表中的数据 pre_common_usergroup_field  ... 成功
正在初始化数据表中的数据 pre_common_word_type  ... 成功
正在初始化数据表中的数据 pre_forum_bbcode  ... 成功
正在初始化数据表中的数据 pre_forum_forum  ... 成功
正在初始化数据表中的数据 pre_forum_forumfield  ... 成功
正在初始化数据表中的数据 pre_forum_grouplevel  ... 成功
正在初始化数据表中的数据 pre_forum_imagetype  ... 成功
正在初始化数据表中的数据 pre_forum_medal  ... 成功
正在初始化数据表中的数据 pre_forum_onlinelist  ... 成功
正在初始化数据表中的数据 pre_forum_typeoption  ... 成功
正在初始化数据表中的数据 pre_home_click  ... 成功
正在初始化数据表中的数据 pre_common_block_style  ... 成功
正在初始化数据表中的数据 pre_common_admincp_group  ... 成功
正在初始化数据表中的数据 pre_common_admincp_perm  ... 成功
正在初始化数据表中的数据 pre_forum_threadprofile  ... 成功
正在安装数据 ... 
正在安装数据成功
正在安装附加数据 :  
正在初始化数据表中的数据 pre_common_district  ... 成功
正在初始化数据表中的数据 pre_common_district  ... 成功
正在初始化数据表中的数据 pre_common_district  ... 成功
清空目录 ./data/template
清空目录 ./data/cache
清空目录 ./data/threadcache
清空目录 ./uc_client/data
清空目录 ./uc_client/data/cache
数据库数据初始化完成
